<?xml version="1.0" encoding="UTF-8"?>
<testsuite name="RecipesApplicationTest" tests="1" skipped="0" failures="0" errors="0" timestamp="2022-03-17T11:59:53" hostname="DESKTOP-VE7IMLJ" time="13.951">
  <properties/>
  <testcase name="start" classname="RecipesApplicationTest" time="13.951"/>
  <system-out><![CDATA[?[1;31m
Start test 1?[0m

  .   ____          _            __ _ _
 /\\ / ___'_ __ _ _(_)_ __  __ _ \ \ \ \
( ( )\___ | '_ | '_| | '_ \/ _` | \ \ \ \
 \\/  ___)| |_)| | | | | || (_| |  ) ) ) )
  '  |____| .__|_| |_|_| |_\__, | / / / /
 =========|_|==============|___/=/_/_/_/
 :: Spring Boot ::                (v2.5.6)

2022-03-17 15:59:53.532  INFO 11068 --- [    Test worker] recipes.RecipesApplication               : Starting RecipesApplication using Java 17.0.2 on DESKTOP-VE7IMLJ with PID 11068 (started by Ruslan in C:\Users\Ruslan\IdeaProjects\Recipes\Recipes\task)
2022-03-17 15:59:53.534  INFO 11068 --- [    Test worker] recipes.RecipesApplication               : No active profile set, falling back to default profiles: default
2022-03-17 15:59:54.375  INFO 11068 --- [    Test worker] .s.d.r.c.RepositoryConfigurationDelegate : Bootstrapping Spring Data JPA repositories in DEFAULT mode.
2022-03-17 15:59:54.428  INFO 11068 --- [    Test worker] .s.d.r.c.RepositoryConfigurationDelegate : Finished Spring Data repository scanning in 45 ms. Found 2 JPA repository interfaces.
2022-03-17 15:59:55.065  INFO 11068 --- [    Test worker] o.s.b.w.embedded.tomcat.TomcatWebServer  : Tomcat initialized with port(s): 8881 (http)
2022-03-17 15:59:55.082  INFO 11068 --- [    Test worker] o.apache.catalina.core.StandardService   : Starting service [Tomcat]
2022-03-17 15:59:55.082  INFO 11068 --- [    Test worker] org.apache.catalina.core.StandardEngine  : Starting Servlet engine: [Apache Tomcat/9.0.54]
2022-03-17 15:59:55.202  INFO 11068 --- [    Test worker] o.a.c.c.C.[Tomcat].[localhost].[/]       : Initializing Spring embedded WebApplicationContext
2022-03-17 15:59:55.202  INFO 11068 --- [    Test worker] w.s.c.ServletWebServerApplicationContext : Root WebApplicationContext: initialization completed in 1630 ms
2022-03-17 15:59:55.360  INFO 11068 --- [    Test worker] com.zaxxer.hikari.HikariDataSource       : HikariPool-1 - Starting...
2022-03-17 15:59:55.630  INFO 11068 --- [    Test worker] com.zaxxer.hikari.HikariDataSource       : HikariPool-1 - Start completed.
2022-03-17 15:59:55.648  INFO 11068 --- [    Test worker] o.s.b.a.h2.H2ConsoleAutoConfiguration    : H2 console available at '/h2-console'. Database available at 'jdbc:h2:file:../recipes_db'
2022-03-17 15:59:55.864  INFO 11068 --- [    Test worker] o.hibernate.jpa.internal.util.LogHelper  : HHH000204: Processing PersistenceUnitInfo [name: default]
2022-03-17 15:59:55.949  INFO 11068 --- [    Test worker] org.hibernate.Version                    : HHH000412: Hibernate ORM core version 5.4.32.Final
2022-03-17 15:59:56.131  INFO 11068 --- [    Test worker] o.hibernate.annotations.common.Version   : HCANN000001: Hibernate Commons Annotations {5.1.2.Final}
2022-03-17 15:59:56.263  INFO 11068 --- [    Test worker] org.hibernate.dialect.Dialect            : HHH000400: Using dialect: org.hibernate.dialect.H2Dialect
2022-03-17 15:59:56.960  INFO 11068 --- [    Test worker] o.h.e.t.j.p.i.JtaPlatformInitiator       : HHH000490: Using JtaPlatform implementation: [org.hibernate.engine.transaction.jta.platform.internal.NoJtaPlatform]
2022-03-17 15:59:56.971  INFO 11068 --- [    Test worker] j.LocalContainerEntityManagerFactoryBean : Initialized JPA EntityManagerFactory for persistence unit 'default'
2022-03-17 15:59:57.021  WARN 11068 --- [    Test worker] JpaBaseConfiguration$JpaWebConfiguration : spring.jpa.open-in-view is enabled by default. Therefore, database queries may be performed during view rendering. Explicitly configure spring.jpa.open-in-view to disable this warning
2022-03-17 15:59:57.919  INFO 11068 --- [    Test worker] o.s.b.a.e.web.EndpointLinksResolver      : Exposing 14 endpoint(s) beneath base path '/actuator'
2022-03-17 15:59:58.006  INFO 11068 --- [    Test worker] o.s.s.web.DefaultSecurityFilterChain     : Will secure any request with [org.springframework.security.web.context.request.async.WebAsyncManagerIntegrationFilter@72ad577b, org.springframework.security.web.context.SecurityContextPersistenceFilter@74cf2d5f, org.springframework.security.web.header.HeaderWriterFilter@389a9ff6, org.springframework.security.web.authentication.logout.LogoutFilter@13976c57, org.springframework.security.web.authentication.www.BasicAuthenticationFilter@22942eff, org.springframework.security.web.savedrequest.RequestCacheAwareFilter@3052395d, org.springframework.security.web.servletapi.SecurityContextHolderAwareRequestFilter@5bfeb9ba, org.springframework.security.web.authentication.AnonymousAuthenticationFilter@99948fe, org.springframework.security.web.session.SessionManagementFilter@ae5d544, org.springframework.security.web.access.ExceptionTranslationFilter@141c66db, org.springframework.security.web.access.intercept.FilterSecurityInterceptor@71f042b1]
2022-03-17 15:59:58.278  INFO 11068 --- [    Test worker] o.s.b.w.embedded.tomcat.TomcatWebServer  : Tomcat started on port(s): 8881 (http) with context path ''
2022-03-17 15:59:58.290  INFO 11068 --- [    Test worker] recipes.RecipesApplication               : Started RecipesApplication in 5.051 seconds (JVM running for 5.699)
2022-03-17 15:59:58.601  INFO 11068 --- [nio-8881-exec-1] o.a.c.c.C.[Tomcat].[localhost].[/]       : Initializing Spring DispatcherServlet 'dispatcherServlet'
2022-03-17 15:59:58.601  INFO 11068 --- [nio-8881-exec-1] o.s.web.servlet.DispatcherServlet        : Initializing Servlet 'dispatcherServlet'
2022-03-17 15:59:58.603  INFO 11068 --- [nio-8881-exec-1] o.s.web.servlet.DispatcherServlet        : Completed initialization in 2 ms
?[1;31m
Start test 2?[0m
?[1;31m
Start test 3?[0m
?[1;31m
Start test 4?[0m
?[1;31m
Start test 5?[0m
2022-03-17 15:59:59.178  WARN 11068 --- [nio-8881-exec-5] .w.s.m.s.DefaultHandlerExceptionResolver : Resolved [org.springframework.web.bind.MethodArgumentNotValidException: Validation failed for argument [0] in public void recipes.controllers.RegisterController.register(recipes.entities.User): [Field error in object 'user' on field 'email': rejected value [Test3@testcom]; codes [Pattern.user.email,Pattern.email,Pattern.java.lang.String,Pattern]; arguments [org.springframework.context.support.DefaultMessageSourceResolvable: codes [user.email,email]; arguments []; default message [email],[Ljavax.validation.constraints.Pattern$Flag;@73d26950,.+@.+\..+]; default message [must match ".+@.+\..+"]] ]
?[1;31m
Start test 6?[0m
2022-03-17 15:59:59.191  WARN 11068 --- [nio-8881-exec-9] .w.s.m.s.DefaultHandlerExceptionResolver : Resolved [org.springframework.web.bind.MethodArgumentNotValidException: Validation failed for argument [0] in public void recipes.controllers.RegisterController.register(recipes.entities.User): [Field error in object 'user' on field 'email': rejected value [Test4test.com]; codes [Pattern.user.email,Pattern.email,Pattern.java.lang.String,Pattern]; arguments [org.springframework.context.support.DefaultMessageSourceResolvable: codes [user.email,email]; arguments []; default message [email],[Ljavax.validation.constraints.Pattern$Flag;@73d26950,.+@.+\..+]; default message [must match ".+@.+\..+"]] ]
?[1;31m
Start test 7?[0m
2022-03-17 15:59:59.201  WARN 11068 --- [io-8881-exec-10] .w.s.m.s.DefaultHandlerExceptionResolver : Resolved [org.springframework.web.bind.MethodArgumentNotValidException: Validation failed for argument [0] in public void recipes.controllers.RegisterController.register(recipes.entities.User): [Field error in object 'user' on field 'password': rejected value [Test555]; codes [Size.user.password,Size.password,Size.java.lang.String,Size]; arguments [org.springframework.context.support.DefaultMessageSourceResolvable: codes [user.password,password]; arguments []; default message [password],2147483647,8]; default message [size must be between 8 and 2147483647]] ]
?[1;31m
Start test 8?[0m
2022-03-17 15:59:59.213  WARN 11068 --- [nio-8881-exec-1] .w.s.m.s.DefaultHandlerExceptionResolver : Resolved [org.springframework.web.bind.MethodArgumentNotValidException: Validation failed for argument [0] in public void recipes.controllers.RegisterController.register(recipes.entities.User): [Field error in object 'user' on field 'password': rejected value [        ]; codes [NotBlank.user.password,NotBlank.password,NotBlank.java.lang.String,NotBlank]; arguments [org.springframework.context.support.DefaultMessageSourceResolvable: codes [user.password,password]; arguments []; default message [password]]; default message [must not be blank]] ]
?[1;31m
Start test 9?[0m
?[1;31m
Start test 10?[0m
?[1;31m
Start test 11?[0m
?[1;31m
Start test 12?[0m
?[1;31m
Start test 13?[0m
2022-03-17 16:00:00.198  INFO 11068 --- [       Thread-5] j.LocalContainerEntityManagerFactoryBean : Closing JPA EntityManagerFactory for persistence unit 'default'
2022-03-17 16:00:00.199  INFO 11068 --- [       Thread-5] com.zaxxer.hikari.HikariDataSource       : HikariPool-1 - Shutdown initiated...
2022-03-17 16:00:00.220  INFO 11068 --- [       Thread-5] com.zaxxer.hikari.HikariDataSource       : HikariPool-1 - Shutdown completed.

  .   ____          _            __ _ _
 /\\ / ___'_ __ _ _(_)_ __  __ _ \ \ \ \
( ( )\___ | '_ | '_| | '_ \/ _` | \ \ \ \
 \\/  ___)| |_)| | | | | || (_| |  ) ) ) )
  '  |____| .__|_| |_|_| |_\__, | / / / /
 =========|_|==============|___/=/_/_/_/
 :: Spring Boot ::                (v2.5.6)

2022-03-17 16:00:00.248  INFO 11068 --- [    Test worker] recipes.RecipesApplication               : Starting RecipesApplication using Java 17.0.2 on DESKTOP-VE7IMLJ with PID 11068 (started by Ruslan in C:\Users\Ruslan\IdeaProjects\Recipes\Recipes\task)
2022-03-17 16:00:00.248  INFO 11068 --- [    Test worker] recipes.RecipesApplication               : No active profile set, falling back to default profiles: default
2022-03-17 16:00:00.461  INFO 11068 --- [    Test worker] .s.d.r.c.RepositoryConfigurationDelegate : Bootstrapping Spring Data JPA repositories in DEFAULT mode.
2022-03-17 16:00:00.470  INFO 11068 --- [    Test worker] .s.d.r.c.RepositoryConfigurationDelegate : Finished Spring Data repository scanning in 8 ms. Found 2 JPA repository interfaces.
2022-03-17 16:00:00.536  INFO 11068 --- [    Test worker] o.s.b.w.embedded.tomcat.TomcatWebServer  : Tomcat initialized with port(s): 8881 (http)
2022-03-17 16:00:00.537  INFO 11068 --- [    Test worker] o.apache.catalina.core.StandardService   : Starting service [Tomcat]
2022-03-17 16:00:00.537  INFO 11068 --- [    Test worker] org.apache.catalina.core.StandardEngine  : Starting Servlet engine: [Apache Tomcat/9.0.54]
2022-03-17 16:00:00.565  INFO 11068 --- [    Test worker] o.a.c.c.C.[Tomcat].[localhost].[/]       : Initializing Spring embedded WebApplicationContext
2022-03-17 16:00:00.565  INFO 11068 --- [    Test worker] w.s.c.ServletWebServerApplicationContext : Root WebApplicationContext: initialization completed in 315 ms
2022-03-17 16:00:00.589  INFO 11068 --- [    Test worker] com.zaxxer.hikari.HikariDataSource       : HikariPool-2 - Starting...
2022-03-17 16:00:00.600  INFO 11068 --- [    Test worker] com.zaxxer.hikari.HikariDataSource       : HikariPool-2 - Start completed.
2022-03-17 16:00:00.600  INFO 11068 --- [    Test worker] o.s.b.a.h2.H2ConsoleAutoConfiguration    : H2 console available at '/h2-console'. Database available at 'jdbc:h2:file:../recipes_db'
2022-03-17 16:00:00.637  INFO 11068 --- [    Test worker] o.hibernate.jpa.internal.util.LogHelper  : HHH000204: Processing PersistenceUnitInfo [name: default]
2022-03-17 16:00:00.644  INFO 11068 --- [    Test worker] org.hibernate.dialect.Dialect            : HHH000400: Using dialect: org.hibernate.dialect.H2Dialect
2022-03-17 16:00:00.717  INFO 11068 --- [    Test worker] o.h.e.t.j.p.i.JtaPlatformInitiator       : HHH000490: Using JtaPlatform implementation: [org.hibernate.engine.transaction.jta.platform.internal.NoJtaPlatform]
2022-03-17 16:00:00.718  INFO 11068 --- [    Test worker] j.LocalContainerEntityManagerFactoryBean : Initialized JPA EntityManagerFactory for persistence unit 'default'
2022-03-17 16:00:00.750  WARN 11068 --- [    Test worker] JpaBaseConfiguration$JpaWebConfiguration : spring.jpa.open-in-view is enabled by default. Therefore, database queries may be performed during view rendering. Explicitly configure spring.jpa.open-in-view to disable this warning
2022-03-17 16:00:00.972  INFO 11068 --- [    Test worker] o.s.b.a.e.web.EndpointLinksResolver      : Exposing 14 endpoint(s) beneath base path '/actuator'
2022-03-17 16:00:00.984  INFO 11068 --- [    Test worker] o.s.s.web.DefaultSecurityFilterChain     : Will secure any request with [org.springframework.security.web.context.request.async.WebAsyncManagerIntegrationFilter@685e97e0, org.springframework.security.web.context.SecurityContextPersistenceFilter@373c367, org.springframework.security.web.header.HeaderWriterFilter@13617139, org.springframework.security.web.authentication.logout.LogoutFilter@1f612968, org.springframework.security.web.authentication.www.BasicAuthenticationFilter@3b303b78, org.springframework.security.web.savedrequest.RequestCacheAwareFilter@79690a0a, org.springframework.security.web.servletapi.SecurityContextHolderAwareRequestFilter@619944a7, org.springframework.security.web.authentication.AnonymousAuthenticationFilter@68e8bbab, org.springframework.security.web.session.SessionManagementFilter@3c0becae, org.springframework.security.web.access.ExceptionTranslationFilter@3129792a, org.springframework.security.web.access.intercept.FilterSecurityInterceptor@557c0b65]
2022-03-17 16:00:01.074  INFO 11068 --- [    Test worker] o.s.b.w.embedded.tomcat.TomcatWebServer  : Tomcat started on port(s): 8881 (http) with context path ''
2022-03-17 16:00:01.079  INFO 11068 --- [    Test worker] recipes.RecipesApplication               : Started RecipesApplication in 0.853 seconds (JVM running for 8.487)
?[1;31m
Start test 14?[0m
2022-03-17 16:00:01.088  INFO 11068 --- [nio-8881-exec-1] o.a.c.c.C.[Tomcat].[localhost].[/]       : Initializing Spring DispatcherServlet 'dispatcherServlet'
2022-03-17 16:00:01.088  INFO 11068 --- [nio-8881-exec-1] o.s.web.servlet.DispatcherServlet        : Initializing Servlet 'dispatcherServlet'
2022-03-17 16:00:01.090  INFO 11068 --- [nio-8881-exec-1] o.s.web.servlet.DispatcherServlet        : Completed initialization in 2 ms
?[1;31m
Start test 15?[0m
?[1;31m
Start test 16?[0m
?[1;31m
Start test 17?[0m
?[1;31m
Start test 18?[0m
?[1;31m
Start test 19?[0m
?[1;31m
Start test 20?[0m
?[1;31m
Start test 21?[0m
?[1;31m
Start test 22?[0m
?[1;31m
Start test 23?[0m
?[1;31m
Start test 24?[0m
?[1;31m
Start test 25?[0m
?[1;31m
Start test 26?[0m
?[1;31m
Start test 27?[0m
?[1;31m
Start test 28?[0m
?[1;31m
Start test 29?[0m
?[1;31m
Start test 30?[0m
?[1;31m
Start test 31?[0m
?[1;31m
Start test 32?[0m
?[1;31m
Start test 33?[0m
?[1;31m
Start test 34?[0m
?[1;31m
Start test 35?[0m
?[1;31m
Start test 36?[0m
?[1;31m
Start test 37?[0m
?[1;31m
Start test 38?[0m
?[1;31m
Start test 39?[0m
?[1;31m
Start test 40?[0m
?[1;31m
Start test 41?[0m
?[1;31m
Start test 42?[0m
?[1;31m
Start test 43?[0m
?[1;31m
Start test 44?[0m
?[1;31m
Start test 45?[0m
?[1;31m
Start test 46?[0m
?[1;31m
Start test 47?[0m
?[1;31m
Start test 48?[0m
?[1;31m
Start test 49?[0m
?[1;31m
Start test 50?[0m
?[1;31m
Start test 51?[0m
?[1;31m
Start test 52?[0m
?[1;31m
Start test 53?[0m
?[1;31m
Start test 54?[0m
?[1;31m
Start test 55?[0m
?[1;31m
Start test 56?[0m
?[1;31m
Start test 57?[0m
?[1;31m
Start test 58?[0m
?[1;31m
Start test 59?[0m
?[1;31m
Start test 60?[0m
?[1;31m
Start test 61?[0m
?[1;31m
Start test 62?[0m
?[1;31m
Start test 63?[0m
2022-03-17 16:00:05.245  INFO 11068 --- [       Thread-7] j.LocalContainerEntityManagerFactoryBean : Closing JPA EntityManagerFactory for persistence unit 'default'
2022-03-17 16:00:05.245  INFO 11068 --- [       Thread-7] com.zaxxer.hikari.HikariDataSource       : HikariPool-2 - Shutdown initiated...

  .   ____          _            __ _ _
 /\\ / ___'_ __ _ _(_)_ __  __ _ \ \ \ \
( ( )\___ | '_ | '_| | '_ \/ _` | \ \ \ \
 \\/  ___)| |_)| | | | | || (_| |  ) ) ) )
  '  |____| .__|_| |_|_| |_\__, | / / / /
 =========|_|==============|___/=/_/_/_/
 :: Spring Boot ::                (v2.5.6)

2022-03-17 16:00:05.289  INFO 11068 --- [    Test worker] recipes.RecipesApplication               : Starting RecipesApplication using Java 17.0.2 on DESKTOP-VE7IMLJ with PID 11068 (started by Ruslan in C:\Users\Ruslan\IdeaProjects\Recipes\Recipes\task)
2022-03-17 16:00:05.290  INFO 11068 --- [    Test worker] recipes.RecipesApplication               : No active profile set, falling back to default profiles: default
2022-03-17 16:00:05.490  INFO 11068 --- [    Test worker] .s.d.r.c.RepositoryConfigurationDelegate : Bootstrapping Spring Data JPA repositories in DEFAULT mode.
2022-03-17 16:00:05.498  INFO 11068 --- [    Test worker] .s.d.r.c.RepositoryConfigurationDelegate : Finished Spring Data repository scanning in 8 ms. Found 2 JPA repository interfaces.
2022-03-17 16:00:05.567  INFO 11068 --- [    Test worker] o.s.b.w.embedded.tomcat.TomcatWebServer  : Tomcat initialized with port(s): 8881 (http)
2022-03-17 16:00:05.568  INFO 11068 --- [    Test worker] o.apache.catalina.core.StandardService   : Starting service [Tomcat]
2022-03-17 16:00:05.568  INFO 11068 --- [    Test worker] org.apache.catalina.core.StandardEngine  : Starting Servlet engine: [Apache Tomcat/9.0.54]
2022-03-17 16:00:05.601  INFO 11068 --- [    Test worker] o.a.c.c.C.[Tomcat].[localhost].[/]       : Initializing Spring embedded WebApplicationContext
2022-03-17 16:00:05.601  INFO 11068 --- [    Test worker] w.s.c.ServletWebServerApplicationContext : Root WebApplicationContext: initialization completed in 309 ms
2022-03-17 16:00:05.629  INFO 11068 --- [    Test worker] com.zaxxer.hikari.HikariDataSource       : HikariPool-3 - Starting...
2022-03-17 16:00:05.637  INFO 11068 --- [    Test worker] com.zaxxer.hikari.HikariDataSource       : HikariPool-3 - Start completed.
2022-03-17 16:00:05.637  INFO 11068 --- [    Test worker] o.s.b.a.h2.H2ConsoleAutoConfiguration    : H2 console available at '/h2-console'. Database available at 'jdbc:h2:file:../recipes_db'
2022-03-17 16:00:05.674  INFO 11068 --- [    Test worker] o.hibernate.jpa.internal.util.LogHelper  : HHH000204: Processing PersistenceUnitInfo [name: default]
2022-03-17 16:00:05.680  INFO 11068 --- [    Test worker] org.hibernate.dialect.Dialect            : HHH000400: Using dialect: org.hibernate.dialect.H2Dialect
2022-03-17 16:00:05.740  INFO 11068 --- [    Test worker] o.h.e.t.j.p.i.JtaPlatformInitiator       : HHH000490: Using JtaPlatform implementation: [org.hibernate.engine.transaction.jta.platform.internal.NoJtaPlatform]
2022-03-17 16:00:05.740  INFO 11068 --- [    Test worker] j.LocalContainerEntityManagerFactoryBean : Initialized JPA EntityManagerFactory for persistence unit 'default'
2022-03-17 16:00:05.763  WARN 11068 --- [    Test worker] JpaBaseConfiguration$JpaWebConfiguration : spring.jpa.open-in-view is enabled by default. Therefore, database queries may be performed during view rendering. Explicitly configure spring.jpa.open-in-view to disable this warning
2022-03-17 16:00:05.941  INFO 11068 --- [    Test worker] o.s.b.a.e.web.EndpointLinksResolver      : Exposing 14 endpoint(s) beneath base path '/actuator'
2022-03-17 16:00:05.951  INFO 11068 --- [    Test worker] o.s.s.web.DefaultSecurityFilterChain     : Will secure any request with [org.springframework.security.web.context.request.async.WebAsyncManagerIntegrationFilter@57e6f449, org.springframework.security.web.context.SecurityContextPersistenceFilter@1c3b4de1, org.springframework.security.web.header.HeaderWriterFilter@730c9287, org.springframework.security.web.authentication.logout.LogoutFilter@69173bb7, org.springframework.security.web.authentication.www.BasicAuthenticationFilter@2b8106fa, org.springframework.security.web.savedrequest.RequestCacheAwareFilter@1925b113, org.springframework.security.web.servletapi.SecurityContextHolderAwareRequestFilter@eaa901a, org.springframework.security.web.authentication.AnonymousAuthenticationFilter@3a649f9a, org.springframework.security.web.session.SessionManagementFilter@530e500c, org.springframework.security.web.access.ExceptionTranslationFilter@7afffc81, org.springframework.security.web.access.intercept.FilterSecurityInterceptor@aee3d6e]
2022-03-17 16:00:06.024  INFO 11068 --- [    Test worker] o.s.b.w.embedded.tomcat.TomcatWebServer  : Tomcat started on port(s): 8881 (http) with context path ''
2022-03-17 16:00:06.029  INFO 11068 --- [    Test worker] recipes.RecipesApplication               : Started RecipesApplication in 0.758 seconds (JVM running for 13.438)
?[1;31m
Start test 64?[0m
2022-03-17 16:00:06.038  INFO 11068 --- [nio-8881-exec-1] o.a.c.c.C.[Tomcat].[localhost].[/]       : Initializing Spring DispatcherServlet 'dispatcherServlet'
2022-03-17 16:00:06.039  INFO 11068 --- [nio-8881-exec-1] o.s.web.servlet.DispatcherServlet        : Initializing Servlet 'dispatcherServlet'
2022-03-17 16:00:06.040  INFO 11068 --- [nio-8881-exec-1] o.s.web.servlet.DispatcherServlet        : Completed initialization in 1 ms
?[1;31m
Start test 65?[0m
?[1;31m
Start test 66?[0m
?[1;31m
Start test 67?[0m
?[1;31m
Start test 68?[0m
?[1;31m
Start test 69?[0m
?[1;31m
Start test 70?[0m
?[1;31m
Start test 71?[0m
?[1;31m
Start test 72?[0m
?[1;31m
Start test 73?[0m
?[1;31m
Start test 74?[0m
?[1;31m
Start test 75?[0m
?[1;31m
Start test 76?[0m
?[1;31m
Start test 77?[0m
?[1;31m
Start test 78?[0m
?[1;31m
Start test 79?[0m
?[1;31m
Start test 80?[0m
?[1;31m
Start test 81?[0m
]]></system-out>
  <system-err><![CDATA[]]></system-err>
</testsuite>
